d:\megan_git\mal\hookdll\hookdll\x64\debug\vc143.pdb
d:\megan_git\mal\hookdll\hookdll\x64\debug\vc143.idb
d:\megan_git\mal\hookdll\hookdll\x64\debug\hookdll.obj
c:\users\megankim\work\mal\keylogger\x64\debug\libcurl-d.dll
c:\users\megankim\work\mal\keylogger\x64\debug\zlibd1.dll
d:\megan_git\mal\hookdll\keylogger\keylogger\libcurl-d.dll
d:\megan_git\mal\hookdll\keylogger\keylogger\zlibd1.dll
d:\megan_git\mal\keylogger\keylogger\libcurl-d.dll
d:\megan_git\mal\keylogger\keylogger\zlibd1.dll
d:\megan_git\mal\keylogger\keylogger\hookdll.dll
d:\megan_git\mal\keylogger\keylogger\hookdll.pdb
c:\wwntuser\log\rc.exe_20240706.txt
d:\megan_git\mal\keylogger\keylogger\hookdll.lib
d:\megan_git\mal\keylogger\keylogger\hookdll.exp
d:\megan_git\mal\hookdll\hookdll\x64\debug\hookdll.ilk
d:\megan_git\mal\hookdll\hookdll\x64\debug\hookdll.tlog\cl.command.1.tlog
d:\megan_git\mal\hookdll\hookdll\x64\debug\hookdll.tlog\cl.items.tlog
d:\megan_git\mal\hookdll\hookdll\x64\debug\hookdll.tlog\cl.read.1.tlog
d:\megan_git\mal\hookdll\hookdll\x64\debug\hookdll.tlog\cl.write.1.tlog
d:\megan_git\mal\hookdll\hookdll\x64\debug\hookdll.tlog\hookdll.write.1u.tlog
d:\megan_git\mal\hookdll\hookdll\x64\debug\hookdll.tlog\link.command.1.tlog
d:\megan_git\mal\hookdll\hookdll\x64\debug\hookdll.tlog\link.read.1.tlog
d:\megan_git\mal\hookdll\hookdll\x64\debug\hookdll.tlog\link.secondary.1.tlog
d:\megan_git\mal\hookdll\hookdll\x64\debug\hookdll.tlog\link.write.1.tlog
