d:\megan_git\mal\keylogger\keylogger\x64\debug\vc143.pdb
d:\megan_git\mal\keylogger\keylogger\x64\debug\vc143.idb
d:\megan_git\mal\keylogger\keylogger\x64\debug\keylogger.obj
d:\megan_git\mal\keylogger\x64\debug\keylogger.exe
d:\megan_git\mal\keylogger\x64\debug\keylogger.pdb
c:\wwntuser\log\rc.exe_20240706.txt
d:\maltest\repos\keylogger\keylogger\x64\debug\keylogger.res
d:\megan_git\mal\keylogger\keylogger\x64\debug\keylogger.res
d:\megan_git\mal\keylogger\keylogger\x64\debug\keylogger.ilk
d:\megan_git\mal\keylogger\keylogger\x64\debug\keylogger.tlog\cl.command.1.tlog
d:\megan_git\mal\keylogger\keylogger\x64\debug\keylogger.tlog\cl.items.tlog
d:\megan_git\mal\keylogger\keylogger\x64\debug\keylogger.tlog\cl.read.1.tlog
d:\megan_git\mal\keylogger\keylogger\x64\debug\keylogger.tlog\cl.write.1.tlog
d:\megan_git\mal\keylogger\keylogger\x64\debug\keylogger.tlog\link.command.1.tlog
d:\megan_git\mal\keylogger\keylogger\x64\debug\keylogger.tlog\link.read.1.tlog
d:\megan_git\mal\keylogger\keylogger\x64\debug\keylogger.tlog\link.secondary.1.tlog
d:\megan_git\mal\keylogger\keylogger\x64\debug\keylogger.tlog\link.write.1.tlog
d:\megan_git\mal\keylogger\keylogger\x64\debug\keylogger.tlog\rc.command.1.tlog
d:\megan_git\mal\keylogger\keylogger\x64\debug\keylogger.tlog\rc.read.1.tlog
d:\megan_git\mal\keylogger\keylogger\x64\debug\keylogger.tlog\rc.write.1.tlog
